Traceback (most recent call last):
  File "/local1/caccmatt/ImageSegm/1place.py", line 48, in <module>
    import torch
ModuleNotFoundError: No module named 'torch'
Traceback (most recent call last):
  File "1place.py", line 96, in <module>
    import cv2
ModuleNotFoundError: No module named 'cv2'
Python        : 3.8.13 (default, Mar 28 2022, 11:38:47) 
Numpy         : 1.21.5
Pandas        : 1.4.2
Rasterio      : 1.2.10
OpenCV        : 4.6.0
train_df.shape =  (15, 2)
info_df.shape  =  (20, 16)
sub_df.shape =  (5, 2)
Loading weights from input/hubmap-kidney/hubmap-new-03-03/model_seed0_fold0_bestscore.pth
Traceback (most recent call last):
  File "1place.py", line 828, in <module>
    model = build_model(resolution=(None,None), #config['resolution'], 
  File "/home/x86_64-unknown-linux_ol8-gnu/anaconda-2022.05/envs/pytorch-1.11.0/lib/python3.8/site-packages/torch/nn/modules/module.py", line 907, in to
    return self._apply(convert)
  File "/home/x86_64-unknown-linux_ol8-gnu/anaconda-2022.05/envs/pytorch-1.11.0/lib/python3.8/site-packages/torch/nn/modules/module.py", line 578, in _apply
    module._apply(fn)
  File "/home/x86_64-unknown-linux_ol8-gnu/anaconda-2022.05/envs/pytorch-1.11.0/lib/python3.8/site-packages/torch/nn/modules/module.py", line 578, in _apply
    module._apply(fn)
  File "/home/x86_64-unknown-linux_ol8-gnu/anaconda-2022.05/envs/pytorch-1.11.0/lib/python3.8/site-packages/torch/nn/modules/module.py", line 601, in _apply
    param_applied = fn(param)
  File "/home/x86_64-unknown-linux_ol8-gnu/anaconda-2022.05/envs/pytorch-1.11.0/lib/python3.8/site-packages/torch/nn/modules/module.py", line 905, in convert
    return t.to(device, dtype if t.is_floating_point() or t.is_complex() else None, non_blocking)
RuntimeError: CUDA error: all CUDA-capable devices are busy or unavailable
CUDA kernel errors might be asynchronously reported at some other API call,so the stacktrace below might be incorrect.
For debugging consider passing CUDA_LAUNCH_BLOCKING=1.
Python        : 3.8.13 (default, Mar 28 2022, 11:38:47) 
Numpy         : 1.21.5
Pandas        : 1.4.2
Rasterio      : 1.2.10
OpenCV        : 4.6.0
train_df.shape =  (15, 2)
info_df.shape  =  (20, 16)
sub_df.shape =  (5, 2)
Loading weights from input/hubmap-kidney/hubmap-new-03-03/model_seed0_fold0_bestscore.pth
Traceback (most recent call last):
  File "1place.py", line 828, in <module>
    model = build_model(resolution=(None,None), #config['resolution'], 
  File "/home/x86_64-unknown-linux_ol8-gnu/anaconda-2022.05/envs/pytorch-1.11.0/lib/python3.8/site-packages/torch/nn/modules/module.py", line 907, in to
    return self._apply(convert)
  File "/home/x86_64-unknown-linux_ol8-gnu/anaconda-2022.05/envs/pytorch-1.11.0/lib/python3.8/site-packages/torch/nn/modules/module.py", line 578, in _apply
    module._apply(fn)
  File "/home/x86_64-unknown-linux_ol8-gnu/anaconda-2022.05/envs/pytorch-1.11.0/lib/python3.8/site-packages/torch/nn/modules/module.py", line 578, in _apply
    module._apply(fn)
  File "/home/x86_64-unknown-linux_ol8-gnu/anaconda-2022.05/envs/pytorch-1.11.0/lib/python3.8/site-packages/torch/nn/modules/module.py", line 601, in _apply
    param_applied = fn(param)
  File "/home/x86_64-unknown-linux_ol8-gnu/anaconda-2022.05/envs/pytorch-1.11.0/lib/python3.8/site-packages/torch/nn/modules/module.py", line 905, in convert
    return t.to(device, dtype if t.is_floating_point() or t.is_complex() else None, non_blocking)
RuntimeError: CUDA error: all CUDA-capable devices are busy or unavailable
CUDA kernel errors might be asynchronously reported at some other API call,so the stacktrace below might be incorrect.
For debugging consider passing CUDA_LAUNCH_BLOCKING=1.
Python        : 3.8.13 (default, Mar 28 2022, 11:38:47) 
Numpy         : 1.21.5
Pandas        : 1.4.2
Rasterio      : 1.2.10
OpenCV        : 4.6.0
train_df.shape =  (15, 2)
info_df.shape  =  (20, 16)
sub_df.shape =  (5, 2)
Loading weights from input/hubmap-kidney/hubmap-new-03-03/model_seed0_fold0_bestscore.pth
Loading weights from input/hubmap-kidney/hubmap-new-03-03/model_seed0_fold1_bestscore.pth
Loading weights from input/hubmap-kidney/hubmap-new-03-03/model_seed0_fold2_bestscore.pth
Loading weights from input/hubmap-kidney/hubmap-new-03-03/model_seed0_fold3_bestscore.pth
len df:  1
idx =  0
/local1/caccmatt/ImageSegm/img_seg/lib/python3.8/site-packages/rasterio/__init__.py:220: NotGeoreferencedWarning: Dataset has no geotransform, gcps, or rpcs. The identity matrix be returned.
  s = DatasetReader(path, driver=driver, sharing=sharing, **kwargs)
  0%|          | 0/369 [00:00<?, ?it/s]
/home/x86_64-unknown-linux_ol8-gnu/anaconda-2022.05/envs/pytorch-1.11.0/lib/python3.8/site-packages/torch/nn/functional.py:780: UserWarning: Note that order of the arguments: ceil_mode and return_indices will changeto match the args list in nn.MaxPool2d in a future release.
  warnings.warn("Note that order of the arguments: ceil_mode and return_indices will change"
non_zero_ratio = 0.0197
time:  443.5874083042145
Python        : 3.8.13 (default, Mar 28 2022, 11:38:47) 
Numpy         : 1.21.5
Pandas        : 1.4.2
Rasterio      : 1.2.10
OpenCV        : 4.6.0
train_df.shape =  (15, 2)
info_df.shape  =  (20, 16)
sub_df.shape =  (5, 2)
Loading weights from input/hubmap-kidney/hubmap-new-03-03/model_seed0_fold0_bestscore.pth
Traceback (most recent call last):
  File "1place.py", line 833, in <module>
    model.load_state_dict(torch.load(path))
  File "/home/x86_64-unknown-linux_ol8-gnu/anaconda-2022.05/envs/pytorch-1.11.0/lib/python3.8/site-packages/torch/nn/modules/module.py", line 1497, in load_state_dict
    raise RuntimeError('Error(s) in loading state_dict for {}:\n\t{}'.format(
RuntimeError: Error(s) in loading state_dict for UNET_RESNET34:
	Missing key(s) in state_dict: "conv1.weight", "bn1.weight", "bn1.bias", "bn1.running_mean", "bn1.running_var", "layer1.0.conv1.weight", "layer1.0.bn1.weight", "layer1.0.bn1.bias", "layer1.0.bn1.running_mean", "layer1.0.bn1.running_var", "layer1.0.conv2.weight", "layer1.0.bn2.weight", "layer1.0.bn2.bias", "layer1.0.bn2.running_mean", "layer1.0.bn2.running_var", "layer1.1.conv1.weight", "layer1.1.bn1.weight", "layer1.1.bn1.bias", "layer1.1.bn1.running_mean", "layer1.1.bn1.running_var", "layer1.1.conv2.weight", "layer1.1.bn2.weight", "layer1.1.bn2.bias", "layer1.1.bn2.running_mean", "layer1.1.bn2.running_var", "layer1.2.conv1.weight", "layer1.2.bn1.weight", "layer1.2.bn1.bias", "layer1.2.bn1.running_mean", "layer1.2.bn1.running_var", "layer1.2.conv2.weight", "layer1.2.bn2.weight", "layer1.2.bn2.bias", "layer1.2.bn2.running_mean", "layer1.2.bn2.running_var", "layer2.0.conv1.weight", "layer2.0.bn1.weight", "layer2.0.bn1.bias", "layer2.0.bn1.running_mean", "layer2.0.bn1.running_var", "layer2.0.conv2.weight", "layer2.0.bn2.weight", "layer2.0.bn2.bias", "layer2.0.bn2.running_mean", "layer2.0.bn2.running_var", "layer2.0.downsample.0.weight", "layer2.0.downsample.1.weight", "layer2.0.downsample.1.bias", "layer2.0.downsample.1.running_mean", "layer2.0.downsample.1.running_var", "layer2.1.conv1.weight", "layer2.1.bn1.weight", "layer2.1.bn1.bias", "layer2.1.bn1.running_mean", "layer2.1.bn1.running_var", "layer2.1.conv2.weight", "layer2.1.bn2.weight", "layer2.1.bn2.bias", "layer2.1.bn2.running_mean", "layer2.1.bn2.running_var", "layer2.2.conv1.weight", "layer2.2.bn1.weight", "layer2.2.bn1.bias", "layer2.2.bn1.running_mean", "layer2.2.bn1.running_var", "layer2.2.conv2.weight", "layer2.2.bn2.weight", "layer2.2.bn2.bias", "layer2.2.bn2.running_mean", "layer2.2.bn2.running_var", "layer2.3.conv1.weight", "layer2.3.bn1.weight", "layer2.3.bn1.bias", "layer2.3.bn1.running_mean", "layer2.3.bn1.running_var", "layer2.3.conv2.weight", "layer2.3.bn2.weight", "layer2.3.bn2.bias", "layer2.3.bn2.running_mean", "layer2.3.bn2.running_var", "layer3.0.conv1.weight", "layer3.0.bn1.weight", "layer3.0.bn1.bias", "layer3.0.bn1.running_mean", "layer3.0.bn1.running_var", "layer3.0.conv2.weight", "layer3.0.bn2.weight", "layer3.0.bn2.bias", "layer3.0.bn2.running_mean", "layer3.0.bn2.running_var", "layer3.0.downsample.0.weight", "layer3.0.downsample.1.weight", "layer3.0.downsample.1.bias", "layer3.0.downsample.1.running_mean", "layer3.0.downsample.1.running_var", "layer3.1.conv1.weight", "layer3.1.bn1.weight", "layer3.1.bn1.bias", "layer3.1.bn1.running_mean", "layer3.1.bn1.running_var", "layer3.1.conv2.weight", "layer3.1.bn2.weight", "layer3.1.bn2.bias", "layer3.1.bn2.running_mean", "layer3.1.bn2.running_var", "layer3.2.conv1.weight", "layer3.2.bn1.weight", "layer3.2.bn1.bias", "layer3.2.bn1.running_mean", "layer3.2.bn1.running_var", "layer3.2.conv2.weight", "layer3.2.bn2.weight", "layer3.2.bn2.bias", "layer3.2.bn2.running_mean", "layer3.2.bn2.running_var", "layer3.3.conv1.weight", "layer3.3.bn1.weight", "layer3.3.bn1.bias", "layer3.3.bn1.running_mean", "layer3.3.bn1.running_var", "layer3.3.conv2.weight", "layer3.3.bn2.weight", "layer3.3.bn2.bias", "layer3.3.bn2.running_mean", "layer3.3.bn2.running_var", "layer3.4.conv1.weight", "layer3.4.bn1.weight", "layer3.4.bn1.bias", "layer3.4.bn1.running_mean", "layer3.4.bn1.running_var", "layer3.4.conv2.weight", "layer3.4.bn2.weight", "layer3.4.bn2.bias", "layer3.4.bn2.running_mean", "layer3.4.bn2.running_var", "layer3.5.conv1.weight", "layer3.5.bn1.weight", "layer3.5.bn1.bias", "layer3.5.bn1.running_mean", "layer3.5.bn1.running_var", "layer3.5.conv2.weight", "layer3.5.bn2.weight", "layer3.5.bn2.bias", "layer3.5.bn2.running_mean", "layer3.5.bn2.running_var", "layer4.0.conv1.weight", "layer4.0.bn1.weight", "layer4.0.bn1.bias", "layer4.0.bn1.running_mean", "layer4.0.bn1.running_var", "layer4.0.conv2.weight", "layer4.0.bn2.weight", "layer4.0.bn2.bias", "layer4.0.bn2.running_mean", "layer4.0.bn2.running_var", "layer4.0.downsample.0.weight", "layer4.0.downsample.1.weight", "layer4.0.downsample.1.bias", "layer4.0.downsample.1.running_mean", "layer4.0.downsample.1.running_var", "layer4.1.conv1.weight", "layer4.1.bn1.weight", "layer4.1.bn1.bias", "layer4.1.bn1.running_mean", "layer4.1.bn1.running_var", "layer4.1.conv2.weight", "layer4.1.bn2.weight", "layer4.1.bn2.bias", "layer4.1.bn2.running_mean", "layer4.1.bn2.running_var", "layer4.2.conv1.weight", "layer4.2.bn1.weight", "layer4.2.bn1.bias", "layer4.2.bn1.running_mean", "layer4.2.bn1.running_var", "layer4.2.conv2.weight", "layer4.2.bn2.weight", "layer4.2.bn2.bias", "layer4.2.bn2.running_mean", "layer4.2.bn2.running_var". 
	Unexpected key(s) in state_dict: "encoder0.0.weight", "encoder0.1.weight", "encoder0.1.bias", "encoder0.1.running_mean", "encoder0.1.running_var", "encoder0.1.num_batches_tracked", "encoder1.1.0.conv1.weight", "encoder1.1.0.bn1.weight", "encoder1.1.0.bn1.bias", "encoder1.1.0.bn1.running_mean", "encoder1.1.0.bn1.running_var", "encoder1.1.0.bn1.num_batches_tracked", "encoder1.1.0.conv2.weight", "encoder1.1.0.bn2.weight", "encoder1.1.0.bn2.bias", "encoder1.1.0.bn2.running_mean", "encoder1.1.0.bn2.running_var", "encoder1.1.0.bn2.num_batches_tracked", "encoder1.1.0.conv3.weight", "encoder1.1.0.bn3.weight", "encoder1.1.0.bn3.bias", "encoder1.1.0.bn3.running_mean", "encoder1.1.0.bn3.running_var", "encoder1.1.0.bn3.num_batches_tracked", "encoder1.1.0.se_module.fc1.weight", "encoder1.1.0.se_module.fc1.bias", "encoder1.1.0.se_module.fc2.weight", "encoder1.1.0.se_module.fc2.bias", "encoder1.1.0.downsample.0.weight", "encoder1.1.0.downsample.1.weight", "encoder1.1.0.downsample.1.bias", "encoder1.1.0.downsample.1.running_mean", "encoder1.1.0.downsample.1.running_var", "encoder1.1.0.downsample.1.num_batches_tracked", "encoder1.1.1.conv1.weight", "encoder1.1.1.bn1.weight", "encoder1.1.1.bn1.bias", "encoder1.1.1.bn1.running_mean", "encoder1.1.1.bn1.running_var", "encoder1.1.1.bn1.num_batches_tracked", "encoder1.1.1.conv2.weight", "encoder1.1.1.bn2.weight", "encoder1.1.1.bn2.bias", "encoder1.1.1.bn2.running_mean", "encoder1.1.1.bn2.running_var", "encoder1.1.1.bn2.num_batches_tracked", "encoder1.1.1.conv3.weight", "encoder1.1.1.bn3.weight", "encoder1.1.1.bn3.bias", "encoder1.1.1.bn3.running_mean", "encoder1.1.1.bn3.running_var", "encoder1.1.1.bn3.num_batches_tracked", "encoder1.1.1.se_module.fc1.weight", "encoder1.1.1.se_module.fc1.bias", "encoder1.1.1.se_module.fc2.weight", "encoder1.1.1.se_module.fc2.bias", "encoder1.1.2.conv1.weight", "encoder1.1.2.bn1.weight", "encoder1.1.2.bn1.bias", "encoder1.1.2.bn1.running_mean", "encoder1.1.2.bn1.running_var", "encoder1.1.2.bn1.num_batches_tracked", "encoder1.1.2.conv2.weight", "encoder1.1.2.bn2.weight", "encoder1.1.2.bn2.bias", "encoder1.1.2.bn2.running_mean", "encoder1.1.2.bn2.running_var", "encoder1.1.2.bn2.num_batches_tracked", "encoder1.1.2.conv3.weight", "encoder1.1.2.bn3.weight", "encoder1.1.2.bn3.bias", "encoder1.1.2.bn3.running_mean", "encoder1.1.2.bn3.running_var", "encoder1.1.2.bn3.num_batches_tracked", "encoder1.1.2.se_module.fc1.weight", "encoder1.1.2.se_module.fc1.bias", "encoder1.1.2.se_module.fc2.weight", "encoder1.1.2.se_module.fc2.bias", "encoder2.0.conv1.weight", "encoder2.0.bn1.weight", "encoder2.0.bn1.bias", "encoder2.0.bn1.running_mean", "encoder2.0.bn1.running_var", "encoder2.0.bn1.num_batches_tracked", "encoder2.0.conv2.weight", "encoder2.0.bn2.weight", "encoder2.0.bn2.bias", "encoder2.0.bn2.running_mean", "encoder2.0.bn2.running_var", "encoder2.0.bn2.num_batches_tracked", "encoder2.0.conv3.weight", "encoder2.0.bn3.weight", "encoder2.0.bn3.bias", "encoder2.0.bn3.running_mean", "encoder2.0.bn3.running_var", "encoder2.0.bn3.num_batches_tracked", "encoder2.0.se_module.fc1.weight", "encoder2.0.se_module.fc1.bias", "encoder2.0.se_module.fc2.weight", "encoder2.0.se_module.fc2.bias", "encoder2.0.downsample.0.weight", "encoder2.0.downsample.1.weight", "encoder2.0.downsample.1.bias", "encoder2.0.downsample.1.running_mean", "encoder2.0.downsample.1.running_var", "encoder2.0.downsample.1.num_batches_tracked", "encoder2.1.conv1.weight", "encoder2.1.bn1.weight", "encoder2.1.bn1.bias", "encoder2.1.bn1.running_mean", "encoder2.1.bn1.running_var", "encoder2.1.bn1.num_batches_tracked", "encoder2.1.conv2.weight", "encoder2.1.bn2.weight", "encoder2.1.bn2.bias", "encoder2.1.bn2.running_mean", "encoder2.1.bn2.running_var", "encoder2.1.bn2.num_batches_tracked", "encoder2.1.conv3.weight", "encoder2.1.bn3.weight", "encoder2.1.bn3.bias", "encoder2.1.bn3.running_mean", "encoder2.1.bn3.running_var", "encoder2.1.bn3.num_batches_tracked", "encoder2.1.se_module.fc1.weight", "encoder2.1.se_module.fc1.bias", "encoder2.1.se_module.fc2.weight", "encoder2.1.se_module.fc2.bias", "encoder2.2.conv1.weight", "encoder2.2.bn1.weight", "encoder2.2.bn1.bias", "encoder2.2.bn1.running_mean", "encoder2.2.bn1.running_var", "encoder2.2.bn1.num_batches_tracked", "encoder2.2.conv2.weight", "encoder2.2.bn2.weight", "encoder2.2.bn2.bias", "encoder2.2.bn2.running_mean", "encoder2.2.bn2.running_var", "encoder2.2.bn2.num_batches_tracked", "encoder2.2.conv3.weight", "encoder2.2.bn3.weight", "encoder2.2.bn3.bias", "encoder2.2.bn3.running_mean", "encoder2.2.bn3.running_var", "encoder2.2.bn3.num_batches_tracked", "encoder2.2.se_module.fc1.weight", "encoder2.2.se_module.fc1.bias", "encoder2.2.se_module.fc2.weight", "encoder2.2.se_module.fc2.bias", "encoder2.3.conv1.weight", "encoder2.3.bn1.weight", "encoder2.3.bn1.bias", "encoder2.3.bn1.running_mean", "encoder2.3.bn1.running_var", "encoder2.3.bn1.num_batches_tracked", "encoder2.3.conv2.weight", "encoder2.3.bn2.weight", "encoder2.3.bn2.bias", "encoder2.3.bn2.running_mean", "encoder2.3.bn2.running_var", "encoder2.3.bn2.num_batches_tracked", "encoder2.3.conv3.weight", "encoder2.3.bn3.weight", "encoder2.3.bn3.bias", "encoder2.3.bn3.running_mean", "encoder2.3.bn3.running_var", "encoder2.3.bn3.num_batches_tracked", "encoder2.3.se_module.fc1.weight", "encoder2.3.se_module.fc1.bias", "encoder2.3.se_module.fc2.weight", "encoder2.3.se_module.fc2.bias", "encoder3.0.conv1.weight", "encoder3.0.bn1.weight", "encoder3.0.bn1.bias", "encoder3.0.bn1.running_mean", "encoder3.0.bn1.running_var", "encoder3.0.bn1.num_batches_tracked", "encoder3.0.conv2.weight", "encoder3.0.bn2.weight", "encoder3.0.bn2.bias", "encoder3.0.bn2.running_mean", "encoder3.0.bn2.running_var", "encoder3.0.bn2.num_batches_tracked", "encoder3.0.conv3.weight", "encoder3.0.bn3.weight", "encoder3.0.bn3.bias", "encoder3.0.bn3.running_mean", "encoder3.0.bn3.running_var", "encoder3.0.bn3.num_batches_tracked", "encoder3.0.se_module.fc1.weight", "encoder3.0.se_module.fc1.bias", "encoder3.0.se_module.fc2.weight", "encoder3.0.se_module.fc2.bias", "encoder3.0.downsample.0.weight", "encoder3.0.downsample.1.weight", "encoder3.0.downsample.1.bias", "encoder3.0.downsample.1.running_mean", "encoder3.0.downsample.1.running_var", "encoder3.0.downsample.1.num_batches_tracked", "encoder3.1.conv1.weight", "encoder3.1.bn1.weight", "encoder3.1.bn1.bias", "encoder3.1.bn1.running_mean", "encoder3.1.bn1.running_var", "encoder3.1.bn1.num_batches_tracked", "encoder3.1.conv2.weight", "encoder3.1.bn2.weight", "encoder3.1.bn2.bias", "encoder3.1.bn2.running_mean", "encoder3.1.bn2.running_var", "encoder3.1.bn2.num_batches_tracked", "encoder3.1.conv3.weight", "encoder3.1.bn3.weight", "encoder3.1.bn3.bias", "encoder3.1.bn3.running_mean", "encoder3.1.bn3.running_var", "encoder3.1.bn3.num_batches_tracked", "encoder3.1.se_module.fc1.weight", "encoder3.1.se_module.fc1.bias", "encoder3.1.se_module.fc2.weight", "encoder3.1.se_module.fc2.bias", "encoder3.2.conv1.weight", "encoder3.2.bn1.weight", "encoder3.2.bn1.bias", "encoder3.2.bn1.running_mean", "encoder3.2.bn1.running_var", "encoder3.2.bn1.num_batches_tracked", "encoder3.2.conv2.weight", "encoder3.2.bn2.weight", "encoder3.2.bn2.bias", "encoder3.2.bn2.running_mean", "encoder3.2.bn2.running_var", "encoder3.2.bn2.num_batches_tracked", "encoder3.2.conv3.weight", "encoder3.2.bn3.weight", "encoder3.2.bn3.bias", "encoder3.2.bn3.running_mean", "encoder3.2.bn3.running_var", "encoder3.2.bn3.num_batches_tracked", "encoder3.2.se_module.fc1.weight", "encoder3.2.se_module.fc1.bias", "encoder3.2.se_module.fc2.weight", "encoder3.2.se_module.fc2.bias", "encoder3.3.conv1.weight", "encoder3.3.bn1.weight", "encoder3.3.bn1.bias", "encoder3.3.bn1.running_mean", "encoder3.3.bn1.running_var", "encoder3.3.bn1.num_batches_tracked", "encoder3.3.conv2.weight", "encoder3.3.bn2.weight", "encoder3.3.bn2.bias", "encoder3.3.bn2.running_mean", "encoder3.3.bn2.running_var", "encoder3.3.bn2.num_batches_tracked", "encoder3.3.conv3.weight", "encoder3.3.bn3.weight", "encoder3.3.bn3.bias", "encoder3.3.bn3.running_mean", "encoder3.3.bn3.running_var", "encoder3.3.bn3.num_batches_tracked", "encoder3.3.se_module.fc1.weight", "encoder3.3.se_module.fc1.bias", "encoder3.3.se_module.fc2.weight", "encoder3.3.se_module.fc2.bias", "encoder3.4.conv1.weight", "encoder3.4.bn1.weight", "encoder3.4.bn1.bias", "encoder3.4.bn1.running_mean", "encoder3.4.bn1.running_var", "encoder3.4.bn1.num_batches_tracked", "encoder3.4.conv2.weight", "encoder3.4.bn2.weight", "encoder3.4.bn2.bias", "encoder3.4.bn2.running_mean", "encoder3.4.bn2.running_var", "encoder3.4.bn2.num_batches_tracked", "encoder3.4.conv3.weight", "encoder3.4.bn3.weight", "encoder3.4.bn3.bias", "encoder3.4.bn3.running_mean", "encoder3.4.bn3.running_var", "encoder3.4.bn3.num_batches_tracked", "encoder3.4.se_module.fc1.weight", "encoder3.4.se_module.fc1.bias", "encoder3.4.se_module.fc2.weight", "encoder3.4.se_module.fc2.bias", "encoder3.5.conv1.weight", "encoder3.5.bn1.weight", "encoder3.5.bn1.bias", "encoder3.5.bn1.running_mean", "encoder3.5.bn1.running_var", "encoder3.5.bn1.num_batches_tracked", "encoder3.5.conv2.weight", "encoder3.5.bn2.weight", "encoder3.5.bn2.bias", "encoder3.5.bn2.running_mean", "encoder3.5.bn2.running_var", "encoder3.5.bn2.num_batches_tracked", "encoder3.5.conv3.weight", "encoder3.5.bn3.weight", "encoder3.5.bn3.bias", "encoder3.5.bn3.running_mean", "encoder3.5.bn3.running_var", "encoder3.5.bn3.num_batches_tracked", "encoder3.5.se_module.fc1.weight", "encoder3.5.se_module.fc1.bias", "encoder3.5.se_module.fc2.weight", "encoder3.5.se_module.fc2.bias", "encoder3.6.conv1.weight", "encoder3.6.bn1.weight", "encoder3.6.bn1.bias", "encoder3.6.bn1.running_mean", "encoder3.6.bn1.running_var", "encoder3.6.bn1.num_batches_tracked", "encoder3.6.conv2.weight", "encoder3.6.bn2.weight", "encoder3.6.bn2.bias", "encoder3.6.bn2.running_mean", "encoder3.6.bn2.running_var", "encoder3.6.bn2.num_batches_tracked", "encoder3.6.conv3.weight", "encoder3.6.bn3.weight", "encoder3.6.bn3.bias", "encoder3.6.bn3.running_mean", "encoder3.6.bn3.running_var", "encoder3.6.bn3.num_batches_tracked", "encoder3.6.se_module.fc1.weight", "encoder3.6.se_module.fc1.bias", "encoder3.6.se_module.fc2.weight", "encoder3.6.se_module.fc2.bias", "encoder3.7.conv1.weight", "encoder3.7.bn1.weight", "encoder3.7.bn1.bias", "encoder3.7.bn1.running_mean", "encoder3.7.bn1.running_var", "encoder3.7.bn1.num_batches_tracked", "encoder3.7.conv2.weight", "encoder3.7.bn2.weight", "encoder3.7.bn2.bias", "encoder3.7.bn2.running_mean", "encoder3.7.bn2.running_var", "encoder3.7.bn2.num_batches_tracked", "encoder3.7.conv3.weight", "encoder3.7.bn3.weight", "encoder3.7.bn3.bias", "encoder3.7.bn3.running_mean", "encoder3.7.bn3.running_var", "encoder3.7.bn3.num_batches_tracked", "encoder3.7.se_module.fc1.weight", "encoder3.7.se_module.fc1.bias", "encoder3.7.se_module.fc2.weight", "encoder3.7.se_module.fc2.bias", "encoder3.8.conv1.weight", "encoder3.8.bn1.weight", "encoder3.8.bn1.bias", "encoder3.8.bn1.running_mean", "encoder3.8.bn1.running_var", "encoder3.8.bn1.num_batches_tracked", "encoder3.8.conv2.weight", "encoder3.8.bn2.weight", "encoder3.8.bn2.bias", "encoder3.8.bn2.running_mean", "encoder3.8.bn2.running_var", "encoder3.8.bn2.num_batches_tracked", "encoder3.8.conv3.weight", "encoder3.8.bn3.weight", "encoder3.8.bn3.bias", "encoder3.8.bn3.running_mean", "encoder3.8.bn3.running_var", "encoder3.8.bn3.num_batches_tracked", "encoder3.8.se_module.fc1.weight", "encoder3.8.se_module.fc1.bias", "encoder3.8.se_module.fc2.weight", "encoder3.8.se_module.fc2.bias", "encoder3.9.conv1.weight", "encoder3.9.bn1.weight", "encoder3.9.bn1.bias", "encoder3.9.bn1.running_mean", "encoder3.9.bn1.running_var", "encoder3.9.bn1.num_batches_tracked", "encoder3.9.conv2.weight", "encoder3.9.bn2.weight", "encoder3.9.bn2.bias", "encoder3.9.bn2.running_mean", "encoder3.9.bn2.running_var", "encoder3.9.bn2.num_batches_tracked", "encoder3.9.conv3.weight", "encoder3.9.bn3.weight", "encoder3.9.bn3.bias", "encoder3.9.bn3.running_mean", "encoder3.9.bn3.running_var", "encoder3.9.bn3.num_batches_tracked", "encoder3.9.se_module.fc1.weight", "encoder3.9.se_module.fc1.bias", "encoder3.9.se_module.fc2.weight", "encoder3.9.se_module.fc2.bias", "encoder3.10.conv1.weight", "encoder3.10.bn1.weight", "encoder3.10.bn1.bias", "encoder3.10.bn1.running_mean", "encoder3.10.bn1.running_var", "encoder3.10.bn1.num_batches_tracked", "encoder3.10.conv2.weight", "encoder3.10.bn2.weight", "encoder3.10.bn2.bias", "encoder3.10.bn2.running_mean", "encoder3.10.bn2.running_var", "encoder3.10.bn2.num_batches_tracked", "encoder3.10.conv3.weight", "encoder3.10.bn3.weight", "encoder3.10.bn3.bias", "encoder3.10.bn3.running_mean", "encoder3.10.bn3.running_var", "encoder3.10.bn3.num_batches_tracked", "encoder3.10.se_module.fc1.weight", "encoder3.10.se_module.fc1.bias", "encoder3.10.se_module.fc2.weight", "encoder3.10.se_module.fc2.bias", "encoder3.11.conv1.weight", "encoder3.11.bn1.weight", "encoder3.11.bn1.bias", "encoder3.11.bn1.running_mean", "encoder3.11.bn1.running_var", "encoder3.11.bn1.num_batches_tracked", "encoder3.11.conv2.weight", "encoder3.11.bn2.weight", "encoder3.11.bn2.bias", "encoder3.11.bn2.running_mean", "encoder3.11.bn2.running_var", "encoder3.11.bn2.num_batches_tracked", "encoder3.11.conv3.weight", "encoder3.11.bn3.weight", "encoder3.11.bn3.bias", "encoder3.11.bn3.running_mean", "encoder3.11.bn3.running_var", "encoder3.11.bn3.num_batches_tracked", "encoder3.11.se_module.fc1.weight", "encoder3.11.se_module.fc1.bias", "encoder3.11.se_module.fc2.weight", "encoder3.11.se_module.fc2.bias", "encoder3.12.conv1.weight", "encoder3.12.bn1.weight", "encoder3.12.bn1.bias", "encoder3.12.bn1.running_mean", "encoder3.12.bn1.running_var", "encoder3.12.bn1.num_batches_tracked", "encoder3.12.conv2.weight", "encoder3.12.bn2.weight", "encoder3.12.bn2.bias", "encoder3.12.bn2.running_mean", "encoder3.12.bn2.running_var", "encoder3.12.bn2.num_batches_tracked", "encoder3.12.conv3.weight", "encoder3.12.bn3.weight", "encoder3.12.bn3.bias", "encoder3.12.bn3.running_mean", "encoder3.12.bn3.running_var", "encoder3.12.bn3.num_batches_tracked", "encoder3.12.se_module.fc1.weight", "encoder3.12.se_module.fc1.bias", "encoder3.12.se_module.fc2.weight", "encoder3.12.se_module.fc2.bias", "encoder3.13.conv1.weight", "encoder3.13.bn1.weight", "encoder3.13.bn1.bias", "encoder3.13.bn1.running_mean", "encoder3.13.bn1.running_var", "encoder3.13.bn1.num_batches_tracked", "encoder3.13.conv2.weight", "encoder3.13.bn2.weight", "encoder3.13.bn2.bias", "encoder3.13.bn2.running_mean", "encoder3.13.bn2.running_var", "encoder3.13.bn2.num_batches_tracked", "encoder3.13.conv3.weight", "encoder3.13.bn3.weight", "encoder3.13.bn3.bias", "encoder3.13.bn3.running_mean", "encoder3.13.bn3.running_var", "encoder3.13.bn3.num_batches_tracked", "encoder3.13.se_module.fc1.weight", "encoder3.13.se_module.fc1.bias", "encoder3.13.se_module.fc2.weight", "encoder3.13.se_module.fc2.bias", "encoder3.14.conv1.weight", "encoder3.14.bn1.weight", "encoder3.14.bn1.bias", "encoder3.14.bn1.running_mean", "encoder3.14.bn1.running_var", "encoder3.14.bn1.num_batches_tracked", "encoder3.14.conv2.weight", "encoder3.14.bn2.weight", "encoder3.14.bn2.bias", "encoder3.14.bn2.running_mean", "encoder3.14.bn2.running_var", "encoder3.14.bn2.num_batches_tracked", "encoder3.14.conv3.weight", "encoder3.14.bn3.weight", "encoder3.14.bn3.bias", "encoder3.14.bn3.running_mean", "encoder3.14.bn3.running_var", "encoder3.14.bn3.num_batches_tracked", "encoder3.14.se_module.fc1.weight", "encoder3.14.se_module.fc1.bias", "encoder3.14.se_module.fc2.weight", "encoder3.14.se_module.fc2.bias", "encoder3.15.conv1.weight", "encoder3.15.bn1.weight", "encoder3.15.bn1.bias", "encoder3.15.bn1.running_mean", "encoder3.15.bn1.running_var", "encoder3.15.bn1.num_batches_tracked", "encoder3.15.conv2.weight", "encoder3.15.bn2.weight", "encoder3.15.bn2.bias", "encoder3.15.bn2.running_mean", "encoder3.15.bn2.running_var", "encoder3.15.bn2.num_batches_tracked", "encoder3.15.conv3.weight", "encoder3.15.bn3.weight", "encoder3.15.bn3.bias", "encoder3.15.bn3.running_mean", "encoder3.15.bn3.running_var", "encoder3.15.bn3.num_batches_tracked", "encoder3.15.se_module.fc1.weight", "encoder3.15.se_module.fc1.bias", "encoder3.15.se_module.fc2.weight", "encoder3.15.se_module.fc2.bias", "encoder3.16.conv1.weight", "encoder3.16.bn1.weight", "encoder3.16.bn1.bias", "encoder3.16.bn1.running_mean", "encoder3.16.bn1.running_var", "encoder3.16.bn1.num_batches_tracked", "encoder3.16.conv2.weight", "encoder3.16.bn2.weight", "encoder3.16.bn2.bias", "encoder3.16.bn2.running_mean", "encoder3.16.bn2.running_var", "encoder3.16.bn2.num_batches_tracked", "encoder3.16.conv3.weight", "encoder3.16.bn3.weight", "encoder3.16.bn3.bias", "encoder3.16.bn3.running_mean", "encoder3.16.bn3.running_var", "encoder3.16.bn3.num_batches_tracked", "encoder3.16.se_module.fc1.weight", "encoder3.16.se_module.fc1.bias", "encoder3.16.se_module.fc2.weight", "encoder3.16.se_module.fc2.bias", "encoder3.17.conv1.weight", "encoder3.17.bn1.weight", "encoder3.17.bn1.bias", "encoder3.17.bn1.running_mean", "encoder3.17.bn1.running_var", "encoder3.17.bn1.num_batches_tracked", "encoder3.17.conv2.weight", "encoder3.17.bn2.weight", "encoder3.17.bn2.bias", "encoder3.17.bn2.running_mean", "encoder3.17.bn2.running_var", "encoder3.17.bn2.num_batches_tracked", "encoder3.17.conv3.weight", "encoder3.17.bn3.weight", "encoder3.17.bn3.bias", "encoder3.17.bn3.running_mean", "encoder3.17.bn3.running_var", "encoder3.17.bn3.num_batches_tracked", "encoder3.17.se_module.fc1.weight", "encoder3.17.se_module.fc1.bias", "encoder3.17.se_module.fc2.weight", "encoder3.17.se_module.fc2.bias", "encoder3.18.conv1.weight", "encoder3.18.bn1.weight", "encoder3.18.bn1.bias", "encoder3.18.bn1.running_mean", "encoder3.18.bn1.running_var", "encoder3.18.bn1.num_batches_tracked", "encoder3.18.conv2.weight", "encoder3.18.bn2.weight", "encoder3.18.bn2.bias", "encoder3.18.bn2.running_mean", "encoder3.18.bn2.running_var", "encoder3.18.bn2.num_batches_tracked", "encoder3.18.conv3.weight", "encoder3.18.bn3.weight", "encoder3.18.bn3.bias", "encoder3.18.bn3.running_mean", "encoder3.18.bn3.running_var", "encoder3.18.bn3.num_batches_tracked", "encoder3.18.se_module.fc1.weight", "encoder3.18.se_module.fc1.bias", "encoder3.18.se_module.fc2.weight", "encoder3.18.se_module.fc2.bias", "encoder3.19.conv1.weight", "encoder3.19.bn1.weight", "encoder3.19.bn1.bias", "encoder3.19.bn1.running_mean", "encoder3.19.bn1.running_var", "encoder3.19.bn1.num_batches_tracked", "encoder3.19.conv2.weight", "encoder3.19.bn2.weight", "encoder3.19.bn2.bias", "encoder3.19.bn2.running_mean", "encoder3.19.bn2.running_var", "encoder3.19.bn2.num_batches_tracked", "encoder3.19.conv3.weight", "encoder3.19.bn3.weight", "encoder3.19.bn3.bias", "encoder3.19.bn3.running_mean", "encoder3.19.bn3.running_var", "encoder3.19.bn3.num_batches_tracked", "encoder3.19.se_module.fc1.weight", "encoder3.19.se_module.fc1.bias", "encoder3.19.se_module.fc2.weight", "encoder3.19.se_module.fc2.bias", "encoder3.20.conv1.weight", "encoder3.20.bn1.weight", "encoder3.20.bn1.bias", "encoder3.20.bn1.running_mean", "encoder3.20.bn1.running_var", "encoder3.20.bn1.num_batches_tracked", "encoder3.20.conv2.weight", "encoder3.20.bn2.weight", "encoder3.20.bn2.bias", "encoder3.20.bn2.running_mean", "encoder3.20.bn2.running_var", "encoder3.20.bn2.num_batches_tracked", "encoder3.20.conv3.weight", "encoder3.20.bn3.weight", "encoder3.20.bn3.bias", "encoder3.20.bn3.running_mean", "encoder3.20.bn3.running_var", "encoder3.20.bn3.num_batches_tracked", "encoder3.20.se_module.fc1.weight", "encoder3.20.se_module.fc1.bias", "encoder3.20.se_module.fc2.weight", "encoder3.20.se_module.fc2.bias", "encoder3.21.conv1.weight", "encoder3.21.bn1.weight", "encoder3.21.bn1.bias", "encoder3.21.bn1.running_mean", "encoder3.21.bn1.running_var", "encoder3.21.bn1.num_batches_tracked", "encoder3.21.conv2.weight", "encoder3.21.bn2.weight", "encoder3.21.bn2.bias", "encoder3.21.bn2.running_mean", "encoder3.21.bn2.running_var", "encoder3.21.bn2.num_batches_tracked", "encoder3.21.conv3.weight", "encoder3.21.bn3.weight", "encoder3.21.bn3.bias", "encoder3.21.bn3.running_mean", "encoder3.21.bn3.running_var", "encoder3.21.bn3.num_batches_tracked", "encoder3.21.se_module.fc1.weight", "encoder3.21.se_module.fc1.bias", "encoder3.21.se_module.fc2.weight", "encoder3.21.se_module.fc2.bias", "encoder3.22.conv1.weight", "encoder3.22.bn1.weight", "encoder3.22.bn1.bias", "encoder3.22.bn1.running_mean", "encoder3.22.bn1.running_var", "encoder3.22.bn1.num_batches_tracked", "encoder3.22.conv2.weight", "encoder3.22.bn2.weight", "encoder3.22.bn2.bias", "encoder3.22.bn2.running_mean", "encoder3.22.bn2.running_var", "encoder3.22.bn2.num_batches_tracked", "encoder3.22.conv3.weight", "encoder3.22.bn3.weight", "encoder3.22.bn3.bias", "encoder3.22.bn3.running_mean", "encoder3.22.bn3.running_var", "encoder3.22.bn3.num_batches_tracked", "encoder3.22.se_module.fc1.weight", "encoder3.22.se_module.fc1.bias", "encoder3.22.se_module.fc2.weight", "encoder3.22.se_module.fc2.bias", "encoder4.0.conv1.weight", "encoder4.0.bn1.weight", "encoder4.0.bn1.bias", "encoder4.0.bn1.running_mean", "encoder4.0.bn1.running_var", "encoder4.0.bn1.num_batches_tracked", "encoder4.0.conv2.weight", "encoder4.0.bn2.weight", "encoder4.0.bn2.bias", "encoder4.0.bn2.running_mean", "encoder4.0.bn2.running_var", "encoder4.0.bn2.num_batches_tracked", "encoder4.0.conv3.weight", "encoder4.0.bn3.weight", "encoder4.0.bn3.bias", "encoder4.0.bn3.running_mean", "encoder4.0.bn3.running_var", "encoder4.0.bn3.num_batches_tracked", "encoder4.0.se_module.fc1.weight", "encoder4.0.se_module.fc1.bias", "encoder4.0.se_module.fc2.weight", "encoder4.0.se_module.fc2.bias", "encoder4.0.downsample.0.weight", "encoder4.0.downsample.1.weight", "encoder4.0.downsample.1.bias", "encoder4.0.downsample.1.running_mean", "encoder4.0.downsample.1.running_var", "encoder4.0.downsample.1.num_batches_tracked", "encoder4.1.conv1.weight", "encoder4.1.bn1.weight", "encoder4.1.bn1.bias", "encoder4.1.bn1.running_mean", "encoder4.1.bn1.running_var", "encoder4.1.bn1.num_batches_tracked", "encoder4.1.conv2.weight", "encoder4.1.bn2.weight", "encoder4.1.bn2.bias", "encoder4.1.bn2.running_mean", "encoder4.1.bn2.running_var", "encoder4.1.bn2.num_batches_tracked", "encoder4.1.conv3.weight", "encoder4.1.bn3.weight", "encoder4.1.bn3.bias", "encoder4.1.bn3.running_mean", "encoder4.1.bn3.running_var", "encoder4.1.bn3.num_batches_tracked", "encoder4.1.se_module.fc1.weight", "encoder4.1.se_module.fc1.bias", "encoder4.1.se_module.fc2.weight", "encoder4.1.se_module.fc2.bias", "encoder4.2.conv1.weight", "encoder4.2.bn1.weight", "encoder4.2.bn1.bias", "encoder4.2.bn1.running_mean", "encoder4.2.bn1.running_var", "encoder4.2.bn1.num_batches_tracked", "encoder4.2.conv2.weight", "encoder4.2.bn2.weight", "encoder4.2.bn2.bias", "encoder4.2.bn2.running_mean", "encoder4.2.bn2.running_var", "encoder4.2.bn2.num_batches_tracked", "encoder4.2.conv3.weight", "encoder4.2.bn3.weight", "encoder4.2.bn3.bias", "encoder4.2.bn3.running_mean", "encoder4.2.bn3.running_var", "encoder4.2.bn3.num_batches_tracked", "encoder4.2.se_module.fc1.weight", "encoder4.2.se_module.fc1.bias", "encoder4.2.se_module.fc2.weight", "encoder4.2.se_module.fc2.bias". 
	size mismatch for center.conv.weight: copying a param with shape torch.Size([512, 2048, 3, 3]) from checkpoint, the shape in current model is torch.Size([512, 512, 3, 3]).
	size mismatch for decoder4.bn1.weight: copying a param with shape torch.Size([2560]) from checkpoint, the shape in current model is torch.Size([1024]).
	size mismatch for decoder4.bn1.bias: copying a param with shape torch.Size([2560]) from checkpoint, the shape in current model is torch.Size([1024]).
	size mismatch for decoder4.bn1.running_mean: copying a param with shape torch.Size([2560]) from checkpoint, the shape in current model is torch.Size([1024]).
	size mismatch for decoder4.bn1.running_var: copying a param with shape torch.Size([2560]) from checkpoint, the shape in current model is torch.Size([1024]).
	size mismatch for decoder4.conv3x3_1.weight: copying a param with shape torch.Size([2560, 2560, 3, 3]) from checkpoint, the shape in current model is torch.Size([1024, 1024, 3, 3]).
	size mismatch for decoder4.bn2.weight: copying a param with shape torch.Size([2560]) from checkpoint, the shape in current model is torch.Size([1024]).
	size mismatch for decoder4.bn2.bias: copying a param with shape torch.Size([2560]) from checkpoint, the shape in current model is torch.Size([1024]).
	size mismatch for decoder4.bn2.running_mean: copying a param with shape torch.Size([2560]) from checkpoint, the shape in current model is torch.Size([1024]).
	size mismatch for decoder4.bn2.running_var: copying a param with shape torch.Size([2560]) from checkpoint, the shape in current model is torch.Size([1024]).
	size mismatch for decoder4.conv3x3_2.weight: copying a param with shape torch.Size([64, 2560, 3, 3]) from checkpoint, the shape in current model is torch.Size([64, 1024, 3, 3]).
	size mismatch for decoder4.conv1x1.weight: copying a param with shape torch.Size([64, 2560, 1, 1]) from checkpoint, the shape in current model is torch.Size([64, 1024, 1, 1]).
	size mismatch for decoder3.bn1.weight: copying a param with shape torch.Size([1088]) from checkpoint, the shape in current model is torch.Size([320]).
	size mismatch for decoder3.bn1.bias: copying a param with shape torch.Size([1088]) from checkpoint, the shape in current model is torch.Size([320]).
	size mismatch for decoder3.bn1.running_mean: copying a param with shape torch.Size([1088]) from checkpoint, the shape in current model is torch.Size([320]).
	size mismatch for decoder3.bn1.running_var: copying a param with shape torch.Size([1088]) from checkpoint, the shape in current model is torch.Size([320]).
	size mismatch for decoder3.conv3x3_1.weight: copying a param with shape torch.Size([1088, 1088, 3, 3]) from checkpoint, the shape in current model is torch.Size([320, 320, 3, 3]).
	size mismatch for decoder3.bn2.weight: copying a param with shape torch.Size([1088]) from checkpoint, the shape in current model is torch.Size([320]).
	size mismatch for decoder3.bn2.bias: copying a param with shape torch.Size([1088]) from checkpoint, the shape in current model is torch.Size([320]).
	size mismatch for decoder3.bn2.running_mean: copying a param with shape torch.Size([1088]) from checkpoint, the shape in current model is torch.Size([320]).
	size mismatch for decoder3.bn2.running_var: copying a param with shape torch.Size([1088]) from checkpoint, the shape in current model is torch.Size([320]).
	size mismatch for decoder3.conv3x3_2.weight: copying a param with shape torch.Size([64, 1088, 3, 3]) from checkpoint, the shape in current model is torch.Size([64, 320, 3, 3]).
	size mismatch for decoder3.conv1x1.weight: copying a param with shape torch.Size([64, 1088, 1, 1]) from checkpoint, the shape in current model is torch.Size([64, 320, 1, 1]).
	size mismatch for decoder2.bn1.weight: copying a param with shape torch.Size([576]) from checkpoint, the shape in current model is torch.Size([192]).
	size mismatch for decoder2.bn1.bias: copying a param with shape torch.Size([576]) from checkpoint, the shape in current model is torch.Size([192]).
	size mismatch for decoder2.bn1.running_mean: copying a param with shape torch.Size([576]) from checkpoint, the shape in current model is torch.Size([192]).
	size mismatch for decoder2.bn1.running_var: copying a param with shape torch.Size([576]) from checkpoint, the shape in current model is torch.Size([192]).
	size mismatch for decoder2.conv3x3_1.weight: copying a param with shape torch.Size([576, 576, 3, 3]) from checkpoint, the shape in current model is torch.Size([192, 192, 3, 3]).
	size mismatch for decoder2.bn2.weight: copying a param with shape torch.Size([576]) from checkpoint, the shape in current model is torch.Size([192]).
	size mismatch for decoder2.bn2.bias: copying a param with shape torch.Size([576]) from checkpoint, the shape in current model is torch.Size([192]).
	size mismatch for decoder2.bn2.running_mean: copying a param with shape torch.Size([576]) from checkpoint, the shape in current model is torch.Size([192]).
	size mismatch for decoder2.bn2.running_var: copying a param with shape torch.Size([576]) from checkpoint, the shape in current model is torch.Size([192]).
	size mismatch for decoder2.conv3x3_2.weight: copying a param with shape torch.Size([64, 576, 3, 3]) from checkpoint, the shape in current model is torch.Size([64, 192, 3, 3]).
	size mismatch for decoder2.conv1x1.weight: copying a param with shape torch.Size([64, 576, 1, 1]) from checkpoint, the shape in current model is torch.Size([64, 192, 1, 1]).
	size mismatch for decoder1.bn1.weight: copying a param with shape torch.Size([320]) from checkpoint, the shape in current model is torch.Size([128]).
	size mismatch for decoder1.bn1.bias: copying a param with shape torch.Size([320]) from checkpoint, the shape in current model is torch.Size([128]).
	size mismatch for decoder1.bn1.running_mean: copying a param with shape torch.Size([320]) from checkpoint, the shape in current model is torch.Size([128]).
	size mismatch for decoder1.bn1.running_var: copying a param with shape torch.Size([320]) from checkpoint, the shape in current model is torch.Size([128]).
	size mismatch for decoder1.conv3x3_1.weight: copying a param with shape torch.Size([320, 320, 3, 3]) from checkpoint, the shape in current model is torch.Size([128, 128, 3, 3]).
	size mismatch for decoder1.bn2.weight: copying a param with shape torch.Size([320]) from checkpoint, the shape in current model is torch.Size([128]).
	size mismatch for decoder1.bn2.bias: copying a param with shape torch.Size([320]) from checkpoint, the shape in current model is torch.Size([128]).
	size mismatch for decoder1.bn2.running_mean: copying a param with shape torch.Size([320]) from checkpoint, the shape in current model is torch.Size([128]).
	size mismatch for decoder1.bn2.running_var: copying a param with shape torch.Size([320]) from checkpoint, the shape in current model is torch.Size([128]).
	size mismatch for decoder1.conv3x3_2.weight: copying a param with shape torch.Size([64, 320, 3, 3]) from checkpoint, the shape in current model is torch.Size([64, 128, 3, 3]).
	size mismatch for decoder1.conv1x1.weight: copying a param with shape torch.Size([64, 320, 1, 1]) from checkpoint, the shape in current model is torch.Size([64, 128, 1, 1]).
	size mismatch for clf.0.weight: copying a param with shape torch.Size([2048]) from checkpoint, the shape in current model is torch.Size([512]).
	size mismatch for clf.0.bias: copying a param with shape torch.Size([2048]) from checkpoint, the shape in current model is torch.Size([512]).
	size mismatch for clf.0.running_mean: copying a param with shape torch.Size([2048]) from checkpoint, the shape in current model is torch.Size([512]).
	size mismatch for clf.0.running_var: copying a param with shape torch.Size([2048]) from checkpoint, the shape in current model is torch.Size([512]).
	size mismatch for clf.1.weight: copying a param with shape torch.Size([512, 2048]) from checkpoint, the shape in current model is torch.Size([512, 512]).
